<?xml version="1.0" encoding="UTF-8"?>
<!-- Generated by org.testng.reporters.JUnitXMLReporter -->
<testsuite ignored="0" hostname="LAPTOP-D7ID1N72" failures="0" tests="5" name="Default test" time="0.194" errors="0" timestamp="2022-12-14T11:59:05 IST">
  <testcase classname="test.TestNGPriority" name="test3" time="0.025"/>
  <testcase classname="test.TestNGPriority" name="testNopriority" time="0.004"/>
  <testcase classname="test.TestNGPriority" name="testZeropriority" time="0.002"/>
  <testcase classname="test.TestNGPriority" name="test1" time="0.002"/>
  <testcase classname="test.TestNGPriority" name="test2" time="0.002"/>
</testsuite> <!-- Default test -->
