<?xml version="1.0" encoding="UTF-8"?>
<!-- Generated by org.testng.reporters.JUnitXMLReporter -->
<testsuite ignored="0" hostname="LAPTOP-D7ID1N72" failures="0" tests="3" name="IAnnotationTransformer" time="0.058" errors="0" timestamp="2022-12-14T16:32:11 IST">
  <testcase classname="test.IAnnotationTransformerWithExample" name="changeInvocationCountOfMethod" time="0.008"/>
  <testcase classname="test.IAnnotationTransformerWithExample" name="changeInvocationCountOfMethod" time="0.002"/>
  <testcase classname="test.IAnnotationTransformerWithExample" name="changeInvocationCountOfMethod" time="0.001"/>
</testsuite> <!-- IAnnotationTransformer -->
