<?xml version="1.0" encoding="UTF-8"?>
<!-- Generated by org.testng.reporters.JUnitXMLReporter -->
<testsuite ignored="2" hostname="DESKTOP-S8RM62I" failures="1" tests="4" name="Regression" time="0.052" errors="0" timestamp="2025-06-17T00:31:42 IST">
  <testcase classname="test.day1" name="Demo" time="0.011"/>
  <testcase classname="test.day1" name="SecondTest" time="0.001"/>
  <testcase classname="test.day4" name="LoginAPIHomeLoan" time="0.003"/>
  <testcase classname="test.day4" name="WebloginHomeLoan" time="0.0">
    <failure type="org.testng.TestNGException" message="
Cannot inject @Test annotated Method [WebloginHomeLoan] with [class java.lang.String].
For more information on native dependency injection please refer to https://testng.org/doc/documentation-main.html#native-dependency-injection">
      <![CDATA[org.testng.TestNGException: 
Cannot inject @Test annotated Method [WebloginHomeLoan] with [class java.lang.String].
For more information on native dependency injection please refer to https://testng.org/doc/documentation-main.html#native-dependency-injection
at java.base/java.util.ArrayList.forEach(ArrayList.java:1597)
... Removed 26 stack frames]]>
    </failure>
  </testcase> <!-- WebloginHomeLoan -->
  <testcase classname="test.day2" name="ploan" time="0.0">
    <ignored/>
  </testcase> <!-- ploan -->
  <testcase classname="test.day4" name="MobileLoginHomeLoan" time="0.0">
    <ignored/>
  </testcase> <!-- MobileLoginHomeLoan -->
</testsuite> <!-- Regression -->
