<?xml version="1.0" encoding="UTF-8"?>
<testng-results ignored="3" total="12" passed="9" failed="0" skipped="0">
  <reporter-output>
  </reporter-output>
  <suite started-at="2025-06-17T00:35:11 IST" name="Loan Department" finished-at="2025-06-17T00:35:11 IST" duration-ms="73">
    <groups>
      <group name="Smoke">
        <method signature="day4.MobileLoginHomeLoan()[pri:0, instance:test.day4@5876a9af]" name="MobileLoginHomeLoan" class="test.day4"/>
        <method signature="day3.MobileLogincarLoan()[pri:0, instance:test.day3@7c7b252e]" name="MobileLogincarLoan" class="test.day3"/>
      </group> <!-- Smoke -->
    </groups>
    <test started-at="2025-06-17T00:35:11 IST" name="Personal loan" finished-at="2025-06-17T00:35:11 IST" duration-ms="62">
      <class name="test.day4">
        <test-method signature="LoginAPIHomeLoan()[pri:0, instance:test.day4@5876a9af]" started-at="2025-06-17T00:35:11 IST" name="LoginAPIHomeLoan" finished-at="2025-06-17T00:35:11 IST" duration-ms="3" status="PASS">
          <reporter-output>
          </reporter-output>
        </test-method> <!-- LoginAPIHomeLoan -->
        <test-method signature="MobileLoginHomeLoan()[pri:0, instance:test.day4@5876a9af]" started-at="2025-06-17T00:35:11 IST" name="MobileLoginHomeLoan" finished-at="2025-06-17T00:35:11 IST" duration-ms="2" status="PASS">
          <reporter-output>
          </reporter-output>
        </test-method> <!-- MobileLoginHomeLoan -->
        <test-method signature="WebloginHomeLoan(java.lang.String)[pri:0, instance:test.day4@5876a9af]" started-at="2025-06-17T00:35:11 IST" name="WebloginHomeLoan" finished-at="2025-06-17T00:35:11 IST" duration-ms="3" status="PASS">
          <params>
            <param index="0">
              <value>
                <![CDATA[personalloan.com]]>
              </value>
            </param>
          </params>
          <reporter-output>
          </reporter-output>
        </test-method> <!-- WebloginHomeLoan -->
      </class> <!-- test.day4 -->
      <class name="test.day1">
        <test-method signature="Demo()[pri:0, instance:test.day1@4a94ee4]" started-at="2025-06-17T00:35:11 IST" name="Demo" finished-at="2025-06-17T00:35:11 IST" duration-ms="11" status="PASS">
          <reporter-output>
          </reporter-output>
        </test-method> <!-- Demo -->
        <test-method is-config="true" signature="lastexecution()[pri:0, instance:test.day1@4a94ee4]" started-at="2025-06-17T00:35:11 IST" name="lastexecution" finished-at="2025-06-17T00:35:11 IST" duration-ms="0" status="PASS">
          <reporter-output>
          </reporter-output>
        </test-method> <!-- lastexecution -->
      </class> <!-- test.day1 -->
    </test> <!-- Personal loan -->
    <test started-at="2025-06-17T00:35:11 IST" name="Car Loan" finished-at="2025-06-17T00:35:11 IST" duration-ms="73">
      <class name="test.day3">
        <test-method is-config="true" signature="Bfsuite()[pri:0, instance:test.day3@7c7b252e]" started-at="2025-06-17T00:35:11 IST" name="Bfsuite" finished-at="2025-06-17T00:35:11 IST" duration-ms="9" status="PASS">
          <reporter-output>
          </reporter-output>
        </test-method> <!-- Bfsuite -->
        <test-method is-config="true" signature="befoclas()[pri:0, instance:test.day3@7c7b252e]" started-at="2025-06-17T00:35:11 IST" name="befoclas" finished-at="2025-06-17T00:35:11 IST" duration-ms="1" status="PASS">
          <reporter-output>
          </reporter-output>
        </test-method> <!-- befoclas -->
        <test-method is-config="true" signature="beforeevery()[pri:0, instance:test.day3@7c7b252e]" started-at="2025-06-17T00:35:11 IST" name="beforeevery" finished-at="2025-06-17T00:35:11 IST" duration-ms="0" status="PASS">
          <reporter-output>
          </reporter-output>
        </test-method> <!-- beforeevery -->
        <test-method signature="MobileLogincarLoan()[pri:0, instance:test.day3@7c7b252e]" started-at="2025-06-17T00:35:11 IST" name="MobileLogincarLoan" finished-at="2025-06-17T00:35:11 IST" duration-ms="8" status="PASS">
          <reporter-output>
          </reporter-output>
        </test-method> <!-- MobileLogincarLoan -->
        <test-method is-config="true" signature="afterevery()[pri:0, instance:test.day3@7c7b252e]" started-at="2025-06-17T00:35:11 IST" name="afterevery" finished-at="2025-06-17T00:35:11 IST" duration-ms="1" status="PASS">
          <reporter-output>
          </reporter-output>
        </test-method> <!-- afterevery -->
        <test-method is-config="true" signature="beforeevery()[pri:0, instance:test.day3@7c7b252e]" started-at="2025-06-17T00:35:11 IST" name="beforeevery" finished-at="2025-06-17T00:35:11 IST" duration-ms="0" status="PASS">
          <reporter-output>
          </reporter-output>
        </test-method> <!-- beforeevery -->
        <test-method signature="MobilesignoutcarLoan(java.lang.String,java.lang.String)[pri:0, instance:test.day3@7c7b252e]" started-at="2025-06-17T00:35:11 IST" name="MobilesignoutcarLoan" data-provider="getData" finished-at="2025-06-17T00:35:11 IST" duration-ms="5" status="PASS">
          <params>
            <param index="0">
              <value>
                <![CDATA[firstsetusername]]>
              </value>
            </param>
            <param index="1">
              <value>
                <![CDATA[firstpassword]]>
              </value>
            </param>
          </params>
          <reporter-output>
          </reporter-output>
        </test-method> <!-- MobilesignoutcarLoan -->
        <test-method is-config="true" signature="beforeevery()[pri:0, instance:test.day3@7c7b252e]" started-at="2025-06-17T00:35:11 IST" name="beforeevery" finished-at="2025-06-17T00:35:11 IST" duration-ms="1" status="PASS">
          <reporter-output>
          </reporter-output>
        </test-method> <!-- beforeevery -->
        <test-method is-config="true" signature="afterevery()[pri:0, instance:test.day3@7c7b252e]" started-at="2025-06-17T00:35:11 IST" name="afterevery" finished-at="2025-06-17T00:35:11 IST" duration-ms="0" status="PASS">
          <reporter-output>
          </reporter-output>
        </test-method> <!-- afterevery -->
        <test-method signature="MobilesignoutcarLoan(java.lang.String,java.lang.String)[pri:0, instance:test.day3@7c7b252e]" started-at="2025-06-17T00:35:11 IST" name="MobilesignoutcarLoan" data-provider="getData" finished-at="2025-06-17T00:35:11 IST" duration-ms="1" status="PASS">
          <params>
            <param index="0">
              <value>
                <![CDATA[secondsetusername]]>
              </value>
            </param>
            <param index="1">
              <value>
                <![CDATA[secondpassword]]>
              </value>
            </param>
          </params>
          <reporter-output>
          </reporter-output>
        </test-method> <!-- MobilesignoutcarLoan -->
        <test-method is-config="true" signature="beforeevery()[pri:0, instance:test.day3@7c7b252e]" started-at="2025-06-17T00:35:11 IST" name="beforeevery" finished-at="2025-06-17T00:35:11 IST" duration-ms="1" status="PASS">
          <reporter-output>
          </reporter-output>
        </test-method> <!-- beforeevery -->
        <test-method is-config="true" signature="afterevery()[pri:0, instance:test.day3@7c7b252e]" started-at="2025-06-17T00:35:11 IST" name="afterevery" finished-at="2025-06-17T00:35:11 IST" duration-ms="0" status="PASS">
          <reporter-output>
          </reporter-output>
        </test-method> <!-- afterevery -->
        <test-method signature="MobilesignoutcarLoan(java.lang.String,java.lang.String)[pri:0, instance:test.day3@7c7b252e]" started-at="2025-06-17T00:35:11 IST" name="MobilesignoutcarLoan" data-provider="getData" finished-at="2025-06-17T00:35:11 IST" duration-ms="2" status="PASS">
          <params>
            <param index="0">
              <value>
                <![CDATA[thirdsetusername]]>
              </value>
            </param>
            <param index="1">
              <value>
                <![CDATA[thirdpassword]]>
              </value>
            </param>
          </params>
          <reporter-output>
          </reporter-output>
        </test-method> <!-- MobilesignoutcarLoan -->
        <test-method is-config="true" signature="afterevery()[pri:0, instance:test.day3@7c7b252e]" started-at="2025-06-17T00:35:11 IST" name="afterevery" finished-at="2025-06-17T00:35:11 IST" duration-ms="0" status="PASS">
          <reporter-output>
          </reporter-output>
        </test-method> <!-- afterevery -->
        <test-method signature="WebloginCarLoan(java.lang.String,java.lang.String)[pri:0, instance:test.day3@7c7b252e]" started-at="2025-06-17T00:35:11 IST" name="WebloginCarLoan" finished-at="2025-06-17T00:35:11 IST" duration-ms="2" status="PASS">
          <params>
            <param index="0">
              <value>
                <![CDATA[carloan.com]]>
              </value>
            </param>
            <param index="1">
              <value>
                <![CDATA[123456]]>
              </value>
            </param>
          </params>
          <reporter-output>
          </reporter-output>
        </test-method> <!-- WebloginCarLoan -->
        <test-method is-config="true" signature="beforeevery()[pri:0, instance:test.day3@7c7b252e]" started-at="2025-06-17T00:35:11 IST" name="beforeevery" finished-at="2025-06-17T00:35:11 IST" duration-ms="0" status="PASS">
          <reporter-output>
          </reporter-output>
        </test-method> <!-- beforeevery -->
        <test-method is-config="true" signature="afterevery()[pri:0, instance:test.day3@7c7b252e]" started-at="2025-06-17T00:35:11 IST" name="afterevery" finished-at="2025-06-17T00:35:11 IST" duration-ms="0" status="PASS">
          <reporter-output>
          </reporter-output>
        </test-method> <!-- afterevery -->
        <test-method is-config="true" signature="afteclas()[pri:0, instance:test.day3@7c7b252e]" started-at="2025-06-17T00:35:11 IST" name="afteclas" finished-at="2025-06-17T00:35:11 IST" duration-ms="0" status="PASS">
          <reporter-output>
          </reporter-output>
        </test-method> <!-- afteclas -->
      </class> <!-- test.day3 -->
      <class name="test.day1">
        <test-method is-config="true" signature="afSyite()[pri:0, instance:test.day1@4a94ee4]" started-at="2025-06-17T00:35:11 IST" name="afSyite" finished-at="2025-06-17T00:35:11 IST" duration-ms="1" status="PASS">
          <reporter-output>
          </reporter-output>
        </test-method> <!-- afSyite -->
      </class> <!-- test.day1 -->
    </test> <!-- Car Loan -->
  </suite> <!-- Loan Department -->
</testng-results>
