<?xml version="1.0" encoding="UTF-8"?>
<testng-results ignored="0" total="3" passed="3" failed="0" skipped="0">
  <reporter-output>
  </reporter-output>
  <suite started-at="2022-12-14T16:32:11 IST" name="Loan Department" finished-at="2022-12-14T16:32:11 IST" duration-ms="58">
    <groups>
    </groups>
    <test started-at="2022-12-14T16:32:11 IST" name="IAnnotationTransformer" finished-at="2022-12-14T16:32:11 IST" duration-ms="58">
      <class name="test.IAnnotationTransformerWithExample">
        <test-method signature="changeInvocationCountOfMethod()[pri:0, instance:test.IAnnotationTransformerWithExample@15b204a1]" started-at="2022-12-14T16:32:11 IST" name="changeInvocationCountOfMethod" finished-at="2022-12-14T16:32:11 IST" duration-ms="8" status="PASS">
          <reporter-output>
          </reporter-output>
        </test-method> <!-- changeInvocationCountOfMethod -->
        <test-method signature="changeInvocationCountOfMethod()[pri:0, instance:test.IAnnotationTransformerWithExample@15b204a1]" started-at="2022-12-14T16:32:11 IST" name="changeInvocationCountOfMethod" finished-at="2022-12-14T16:32:11 IST" duration-ms="2" status="PASS">
          <reporter-output>
          </reporter-output>
        </test-method> <!-- changeInvocationCountOfMethod -->
        <test-method signature="changeInvocationCountOfMethod()[pri:0, instance:test.IAnnotationTransformerWithExample@15b204a1]" started-at="2022-12-14T16:32:11 IST" name="changeInvocationCountOfMethod" finished-at="2022-12-14T16:32:11 IST" duration-ms="1" status="PASS">
          <reporter-output>
          </reporter-output>
        </test-method> <!-- changeInvocationCountOfMethod -->
      </class> <!-- test.IAnnotationTransformerWithExample -->
    </test> <!-- IAnnotationTransformer -->
  </suite> <!-- Loan Department -->
</testng-results>
